1686670982150	geckodriver	INFO	Listening on 127.0.0.1:61368
1686670985219	mozrunner::runner	INFO	Running command: "C:\\Program Files\\Mozilla Firefox\\firefox.exe" "--marionette" "--remote-debugging-port" "61369" "--remote-allow-hosts" "localhost" "-no-remote" "-profile" "C:\\Users\\NYK\\AppData\\Local\\Temp\\rust_mozprofilejOsnMs"
1686671002136	geckodriver	INFO	Listening on 127.0.0.1:61380
1686671005189	mozrunner::runner	INFO	Running command: "C:\\Program Files\\Mozilla Firefox\\firefox.exe" "--marionette" "--remote-debugging-port" "61381" "--remote-allow-hosts" "localhost" "-no-remote" "-profile" "C:\\Users\\NYK\\AppData\\Local\\Temp\\rust_mozprofilev5mtp9"
console.warn: services.settings: Ignoring preference override of remote settings server
console.warn: services.settings: Allow by setting MOZ_REMOTE_SETTINGS_DEVTOOLS=1 in the environment
1686671006850	Marionette	INFO	Marionette enabled
Dynamically enable window occlusion 0
1686671006863	Marionette	INFO	Listening on port 61397
Read port: 61397
WebDriver BiDi listening on ws://127.0.0.1:61381
1686671007532	RemoteAgent	WARN	TLS certificate errors will be ignored for this session
DevTools listening on ws://127.0.0.1:61381/devtools/browser/ec1c2960-c436-4ef3-b6da-9e9840ad4760
console.warn: LoginRecipes: "Falling back to a synchronous message for: https://opensource-demo.orangehrmlive.com."
console.warn: LoginRecipes: "Falling back to a synchronous message for: https://opensource-demo.orangehrmlive.com."
1686671710643	Marionette	INFO	Stopped listening on port 61397
Dynamically enable window occlusion 1
ng command: "C:\\Program Files\\Mozilla Firefox\\firefox.exe" "--marionette" "--remote-debugging-port" "61488" "--remote-allow-hosts" "localhost" "-no-remote" "-profile" "C:\\Users\\NYK\\AppData\\Local\\Temp\\rust_mozprofileKzBI7d"
console.warn: services.settings: Ignoring preference override of remote settings server
console.warn: services.settings: Allow by setting MOZ_REMOTE_SETTINGS_DEVTOOLS=1 in the environment
1686671216539	Marionette	INFO	Marionette enabled
Dynamically enable window occlusion 0
1686671216547	Marionette	INFO	Listening on port 61495
Read port: 61495
WebDriver BiDi listening on ws://127.0.0.1:61488
1686671216796	RemoteAgent	WARN	TLS certificate errors will be ignored for this session
DevTools listening on ws://127.0.0.1:61488/devtools/browser/48ee768b-240f-4808-8711-4ad6f1c64537
console.warn: LoginRecipes: "Falling back to a synchronous message for: https://opensource-demo.orangehrmlive.com."
JavaScript error: resource://gre/modules/AsyncShutdown.sys.mjs, line 575: NotFoundError: No such JSWindowActor 'DevToolsFrame'
1686671712004	Marionette	INFO	Stopped listening on port 61495
Dynamically enable window occlusion 1
1686671722268	geckodriver	INFO	Listening on 127.0.0.1:61556
1686671725317	mozrunner::runner	INFO	Running command: "C:\\Program Files\\Mozilla Firefox\\firefox.exe" "--marionette" "--remote-debugging-port" "61557" "--remote-allow-hosts" "localhost" "-no-remote" "-profile" "C:\\Users\\NYK\\AppData\\Local\\Temp\\rust_mozprofilew3rEbF"
console.warn: services.settings: Ignoring preference override of remote settings server
console.warn: services.settings: Allow by setting MOZ_REMOTE_SETTINGS_DEVTOOLS=1 in the environment
1686671725786	Marionette	INFO	Marionette enabled
Dynamically enable window occlusion 0
1686671725795	Marionette	INFO	Listening on port 61565
Read port: 61565
WebDriver BiDi listening on ws://127.0.0.1:61557
1686671726052	RemoteAgent	WARN	TLS certificate errors will be ignored for this session
DevTools listening on ws://127.0.0.1:61557/devtools/browser/2788cdc2-de40-4b5e-ae7d-0b5f964dcbdc
console.warn: LoginRecipes: "Falling back to a synchronous message for: https://opensource-demo.orangehrmlive.com."
console.warn: LoginRecipes: "Falling back to a synchronous message for: https://opensource-demo.orangehrmlive.com."
JavaScript error: resource://gre/modules/AsyncShutdown.sys.mjs, line 575: NotFoundError: No such JSWindowActor 'DevToolsFrame'
1686672160062	Marionette	INFO	Stopped listening on port 61565
Dynamically enable window occlusion 1
osts" "localhost" "-no-remote" "-profile" "C:\\Users\\NYK\\AppData\\Local\\Temp\\rust_mozprofile9nkZq2"
console.warn: services.settings: Ignoring preference override of remote settings server
console.warn: services.settings: Allow by setting MOZ_REMOTE_SETTINGS_DEVTOOLS=1 in the environment
1686671838773	Marionette	INFO	Marionette enabled
Dynamically enable window occlusion 0
1686671838780	Marionette	INFO	Listening on port 61627
Read port: 61627
WebDriver BiDi listening on ws://127.0.0.1:61620
1686671839031	RemoteAgent	WARN	TLS certificate errors will be ignored for this session
DevTools listening on ws://127.0.0.1:61620/devtools/browser/17720f26-1124-40fb-bc1f-68d015e11475
console.warn: LoginRecipes: "Falling back to a synchronous message for: https://opensource-demo.orangehrmlive.com."
console.warn: LoginRecipes: "Falling back to a synchronous message for: https://opensource-demo.orangehrmlive.com."
JavaScript error: resource://gre/modules/AsyncShutdown.sys.mjs, line 575: NotFoundError: No such JSWindowActor 'DevToolsFrame'
1686672159489	Marionette	INFO	Stopped listening on port 61627
Dynamically enable window occlusion 1
console.error: (new Error("Data is not ready.", "resource://gre/modules/JSONFile.sys.mjs", 184))
j1Bv"
console.warn: services.settings: Ignoring preference override of remote settings server
console.warn: services.settings: Allow by setting MOZ_REMOTE_SETTINGS_DEVTOOLS=1 in the environment
1686672009777	Marionette	INFO	Marionette enabled
Dynamically enable window occlusion 0
1686672009786	Marionette	INFO	Listening on port 61701
Read port: 61701
WebDriver BiDi listening on ws://127.0.0.1:61694
1686672010056	RemoteAgent	WARN	TLS certificate errors will be ignored for this session
DevTools listening on ws://127.0.0.1:61694/devtools/browser/862a48d7-ddf8-4567-bed1-3414ab35968d
console.warn: LoginRecipes: "Falling back to a synchronous message for: https://opensource-demo.orangehrmlive.com."
console.warn: LoginRecipes: "Falling back to a synchronous message for: https://opensource-demo.orangehrmlive.com."
1686672159267	Marionette	INFO	Stopped listening on port 61701
Dynamically enable window occlusion 1
!!! error running onStopped callback: TypeError: callback is not a function
console.error: (new Error("Data is not ready.", "resource://gre/modules/JSONFile.sys.mjs", 184))
Users\\NYK\\AppData\\Local\\Temp\\rust_mozprofileVIPxBI"
console.warn: services.settings: Ignoring preference override of remote settings server
console.warn: services.settings: Allow by setting MOZ_REMOTE_SETTINGS_DEVTOOLS=1 in the environment
1686672084216	Marionette	INFO	Marionette enabled
Dynamically enable window occlusion 0
1686672084224	Marionette	INFO	Listening on port 61766
Read port: 61766
WebDriver BiDi listening on ws://127.0.0.1:61759
1686672084495	RemoteAgent	WARN	TLS certificate errors will be ignored for this session
DevTools listening on ws://127.0.0.1:61759/devtools/browser/5880acd5-f0f8-41df-bb7a-12ceebe54495
console.warn: LoginRecipes: "Falling back to a synchronous message for: https://opensource-demo.orangehrmlive.com."
console.warn: LoginRecipes: "Falling back to a synchronous message for: https://opensource-demo.orangehrmlive.com."
1686672103753	Marionette	INFO	Stopped listening on port 61766
Dynamically enable window occlusion 1
1686672108086	geckodriver	INFO	Listening on 127.0.0.1:61804
1686672111141	mozrunner::runner	INFO	Running command: "C:\\Program Files\\Mozilla Firefox\\firefox.exe" "--marionette" "--remote-debugging-port" "61805" "--remote-allow-hosts" "localhost" "-no-remote" "-profile" "C:\\Users\\NYK\\AppData\\Local\\Temp\\rust_mozprofilefg5vhT"
console.warn: services.settings: Ignoring preference override of remote settings server
console.warn: services.settings: Allow by setting MOZ_REMOTE_SETTINGS_DEVTOOLS=1 in the environment
1686672111875	Marionette	INFO	Marionette enabled
Dynamically enable window occlusion 0
1686672111882	Marionette	INFO	Listening on port 61812
Read port: 61812
WebDriver BiDi listening on ws://127.0.0.1:61805
1686672112127	RemoteAgent	WARN	TLS certificate errors will be ignored for this session
DevTools listening on ws://127.0.0.1:61805/devtools/browser/db89b0b9-adfa-4662-8ba7-0746b5af228b
console.warn: LoginRecipes: "Falling back to a synchronous message for: https://opensource-demo.orangehrmlive.com."
console.warn: LoginRecipes: "Falling back to a synchronous message for: https://opensource-demo.orangehrmlive.com."
1686672133006	Marionette	INFO	Stopped listening on port 61812
Dynamically enable window occlusion 1
1686672179298	geckodriver	INFO	Listening on 127.0.0.1:61853
1686672182344	mozrunner::runner	INFO	Running command: "C:\\Program Files\\Mozilla Firefox\\firefox.exe" "--marionette" "--remote-debugging-port" "61854" "--remote-allow-hosts" "localhost" "-no-remote" "-profile" "C:\\Users\\NYK\\AppData\\Local\\Temp\\rust_mozprofileTnNl6v"
console.warn: services.settings: Ignoring preference override of remote settings server
console.warn: services.settings: Allow by setting MOZ_REMOTE_SETTINGS_DEVTOOLS=1 in the environment
1686672182841	Marionette	INFO	Marionette enabled
Dynamically enable window occlusion 0
1686672182847	Marionette	INFO	Listening on port 61861
Read port: 61861
WebDriver BiDi listening on ws://127.0.0.1:61854
1686672183105	RemoteAgent	WARN	TLS certificate errors will be ignored for this session
DevTools listening on ws://127.0.0.1:61854/devtools/browser/1cc9d7da-804a-42af-9797-246d2e856fa0
console.warn: LoginRecipes: "Falling back to a synchronous message for: https://opensource-demo.orangehrmlive.com."
console.warn: LoginRecipes: "Falling back to a synchronous message for: https://opensource-demo.orangehrmlive.com."
1686672202881	Marionette	INFO	Stopped listening on port 61861
Dynamically enable window occlusion 1
